# JRE version: OpenJDK Runtime Environment 18.9 (11.0.11+9) (build 11.0.11+9)
# Java VM: OpenJDK 64-Bit Server VM 18.9 (11.0.11+9, mixed mode, tiered, compressed oops, g1 gc, windows-amd64)
Heap:
 garbage-first heap   total 263168K, used 134481K [0x0000000740000000, 0x0000000800000000)
  region size 1024K, 34 young (34816K), 3 survivors (3072K)
 Metaspace       used 97146K, capacity 98191K, committed 102176K, reserved 1136640K
  class space    used 12739K, capacity 13156K, committed 14540K, reserved 1048576K
GC Heap History (20 events):
Event: 11015.672 GC heap before
{Heap before GC invocations=111 (full 6):
 garbage-first heap   total 263168K, used 160932K [0x0000000740000000, 0x0000000800000000)
  region size 1024K, 60 young (61440K), 3 survivors (3072K)
 Metaspace       used 96400K, capacity 97452K, committed 101280K, reserved 1136640K
  class space    used 12697K, capacity 13115K, committed 14412K, reserved 1048576K
}
Event: 11015.678 GC heap after
{Heap after GC invocations=112 (full 6):
 garbage-first heap   total 263168K, used 102940K [0x0000000740000000, 0x0000000800000000)
  region size 1024K, 4 young (4096K), 4 survivors (4096K)
 Metaspace       used 96400K, capacity 97452K, committed 101280K, reserved 1136640K
  class space    used 12697K, capacity 13115K, committed 14412K, reserved 1048576K
}
Event: 11017.535 GC heap before
{Heap before GC invocations=112 (full 6):
 garbage-first heap   total 263168K, used 160284K [0x0000000740000000, 0x0000000800000000)
  region size 1024K, 60 young (61440K), 4 survivors (4096K)
 Metaspace       used 96426K, capacity 97464K, committed 101280K, reserved 1136640K
  class space    used 12699K, capacity 13117K, committed 14412K, reserved 1048576K
}
Event: 11017.540 GC heap after
{Heap after GC invocations=113 (full 6):
 garbage-first heap   total 263168K, used 103032K [0x0000000740000000, 0x0000000800000000)
  region size 1024K, 4 young (4096K), 4 survivors (4096K)
 Metaspace       used 96426K, capacity 97464K, committed 101280K, reserved 1136640K
  class space    used 12699K, capacity 13117K, committed 14412K, reserved 1048576K
}
Event: 11025.567 GC heap before
{Heap before GC invocations=113 (full 6):
 garbage-first heap   total 263168K, used 160376K [0x0000000740000000, 0x0000000800000000)
  region size 1024K, 60 young (61440K), 4 survivors (4096K)
 Metaspace       used 96445K, capacity 97464K, committed 101280K, reserved 1136640K
  class space    used 12699K, capacity 13117K, committed 14412K, reserved 1048576K
}
Event: 11025.573 GC heap after
{Heap after GC invocations=114 (full 6):
 garbage-first heap   total 263168K, used 103125K [0x0000000740000000, 0x0000000800000000)
  region size 1024K, 4 young (4096K), 4 survivors (4096K)
 Metaspace       used 96445K, capacity 97464K, committed 101280K, reserved 1136640K
  class space    used 12699K, capacity 13117K, committed 14412K, reserved 1048576K
}
Event: 11077.351 GC heap before
{Heap before GC invocations=114 (full 6):
 garbage-first heap   total 263168K, used 160469K [0x0000000740000000, 0x0000000800000000)
  region size 1024K, 61 young (62464K), 4 survivors (4096K)
 Metaspace       used 96501K, capacity 97556K, committed 101280K, reserved 1136640K
  class space    used 12699K, capacity 13117K, committed 14412K, reserved 1048576K
}
Event: 11077.358 GC heap after
{Heap after GC invocations=115 (full 6):
 garbage-first heap   total 263168K, used 103714K [0x0000000740000000, 0x0000000800000000)
  region size 1024K, 4 young (4096K), 4 survivors (4096K)
 Metaspace       used 96501K, capacity 97556K, committed 101280K, reserved 1136640K
  class space    used 12699K, capacity 13117K, committed 14412K, reserved 1048576K
}
Event: 11200.529 GC heap before
{Heap before GC invocations=115 (full 6):
 garbage-first heap   total 263168K, used 161058K [0x0000000740000000, 0x0000000800000000)
  region size 1024K, 60 young (61440K), 4 survivors (4096K)
 Metaspace       used 96517K, capacity 97556K, committed 101280K, reserved 1136640K
  class space    used 12699K, capacity 13117K, committed 14412K, reserved 1048576K
}
Event: 11200.537 GC heap after
{Heap after GC invocations=116 (full 6):
 garbage-first heap   total 263168K, used 103772K [0x0000000740000000, 0x0000000800000000)
  region size 1024K, 4 young (4096K), 4 survivors (4096K)
 Metaspace       used 96517K, capacity 97556K, committed 101280K, reserved 1136640K
  class space    used 12699K, capacity 13117K, committed 14412K, reserved 1048576K
}
Event: 11226.751 GC heap before
{Heap before GC invocations=116 (full 6):
 garbage-first heap   total 263168K, used 161116K [0x0000000740000000, 0x0000000800000000)
  region size 1024K, 60 young (61440K), 4 survivors (4096K)
 Metaspace       used 96530K, capacity 97556K, committed 101280K, reserved 1136640K
  class space    used 12699K, capacity 13117K, committed 14412K, reserved 1048576K
}
Event: 11226.757 GC heap after
{Heap after GC invocations=117 (full 6):
 garbage-first heap   total 263168K, used 103667K [0x0000000740000000, 0x0000000800000000)
  region size 1024K, 4 young (4096K), 4 survivors (4096K)
 Metaspace       used 96530K, capacity 97556K, committed 101280K, reserved 1136640K
  class space    used 12699K, capacity 13117K, committed 14412K, reserved 1048576K
}
Event: 11235.420 GC heap before
{Heap before GC invocations=117 (full 6):
 garbage-first heap   total 263168K, used 161011K [0x0000000740000000, 0x0000000800000000)
  region size 1024K, 60 young (61440K), 4 survivors (4096K)
 Metaspace       used 96874K, capacity 97925K, committed 101920K, reserved 1136640K
  class space    used 12723K, capacity 13155K, committed 14540K, reserved 1048576K
}
Event: 11235.426 GC heap after
{Heap after GC invocations=118 (full 6):
 garbage-first heap   total 263168K, used 103698K [0x0000000740000000, 0x0000000800000000)
  region size 1024K, 4 young (4096K), 4 survivors (4096K)
 Metaspace       used 96874K, capacity 97925K, committed 101920K, reserved 1136640K
  class space    used 12723K, capacity 13155K, committed 14540K, reserved 1048576K
}
Event: 11254.504 GC heap before
{Heap before GC invocations=118 (full 6):
 garbage-first heap   total 263168K, used 161042K [0x0000000740000000, 0x0000000800000000)
  region size 1024K, 60 young (61440K), 4 survivors (4096K)
 Metaspace       used 96955K, capacity 98054K, committed 101920K, reserved 1136640K
  class space    used 12723K, capacity 13155K, committed 14540K, reserved 1048576K
}
Event: 11254.509 GC heap after
{Heap after GC invocations=119 (full 6):
 garbage-first heap   total 263168K, used 103608K [0x0000000740000000, 0x0000000800000000)
  region size 1024K, 4 young (4096K), 4 survivors (4096K)
 Metaspace       used 96955K, capacity 98054K, committed 101920K, reserved 1136640K
  class space    used 12723K, capacity 13155K, committed 14540K, reserved 1048576K
}
Event: 11270.057 GC heap before
{Heap before GC invocations=119 (full 6):
 garbage-first heap   total 263168K, used 160952K [0x0000000740000000, 0x0000000800000000)
  region size 1024K, 60 young (61440K), 4 survivors (4096K)
 Metaspace       used 97002K, capacity 98055K, committed 101920K, reserved 1136640K
  class space    used 12723K, capacity 13155K, committed 14540K, reserved 1048576K
}
Event: 11270.062 GC heap after
{Heap after GC invocations=120 (full 6):
 garbage-first heap   total 263168K, used 103715K [0x0000000740000000, 0x0000000800000000)
  region size 1024K, 3 young (3072K), 3 survivors (3072K)
 Metaspace       used 97002K, capacity 98055K, committed 101920K, reserved 1136640K
  class space    used 12723K, capacity 13155K, committed 14540K, reserved 1048576K
}
Event: 11292.507 GC heap before
{Heap before GC invocations=120 (full 6):
 garbage-first heap   total 263168K, used 162083K [0x0000000740000000, 0x0000000800000000)
  region size 1024K, 60 young (61440K), 3 survivors (3072K)
 Metaspace       used 97100K, capacity 98124K, committed 101920K, reserved 1136640K
  class space    used 12738K, capacity 13155K, committed 14540K, reserved 1048576K
}
Event: 11292.517 GC heap after
{Heap after GC invocations=121 (full 6):
 garbage-first heap   total 263168K, used 103761K [0x0000000740000000, 0x0000000800000000)
  region size 1024K, 3 young (3072K), 3 survivors (3072K)
 Metaspace       used 97100K, capacity 98124K, committed 101920K, reserved 1136640K
  class space    used 12738K, capacity 13155K, committed 14540K, reserved 1048576K
}

